Using pre-set license
Built from '2020.3/staging' branch; Version is '2020.3.17f1 (a4537701e4ab) revision 10769271'; Using compiler version '192528614'; Build Type 'Release'
OS: 'Windows 10 Home; OS build 19043.1165; Version 2009; 64bit' Language: 'no' Physical Memory: 8115 MB
BatchMode: 1, IsHumanControllingUs: 0, StartBugReporterOnCrash: 0, Is64bit: 1, IsPro: 0

COMMAND LINE ARGUMENTS:
D:\Program Files\2020.3.17f1\Editor\Unity.exe
-adb2
-batchMode
-noUpm
-name
AssetImportWorker0
-projectPath
C:/Users/rikar/Unity Games/Lego_Game
-logFile
Logs/AssetImportWorker0.log
-srvPort
55169
Successfully changed project path to: C:/Users/rikar/Unity Games/Lego_Game
C:/Users/rikar/Unity Games/Lego_Game
Using Asset Import Pipeline V2.
Refreshing native plugins compatible for Editor in 59.04 ms, found 2 plugins.
Preloading 0 native plugins for Editor in 0.00 ms.
Initialize engine version: 2020.3.17f1 (a4537701e4ab)
[Subsystems] Discovering subsystems at path D:/Program Files/2020.3.17f1/Editor/Data/Resources/UnitySubsystems
[Subsystems] Discovering subsystems at path C:/Users/rikar/Unity Games/Lego_Game/Assets
GfxDevice: creating device client; threaded=0
Direct3D:
    Version:  Direct3D 11.0 [level 11.1]
    Renderer: NVIDIA GeForce GTX 1070 (ID=0x1b81)
    Vendor:   
    VRAM:     8088 MB
    Driver:   27.21.14.6647
Initialize mono
Mono path[0] = 'D:/Program Files/2020.3.17f1/Editor/Data/Managed'
Mono path[1] = 'D:/Program Files/2020.3.17f1/Editor/Data/MonoBleedingEdge/lib/mono/unityjit'
Mono config path = 'D:/Program Files/2020.3.17f1/Editor/Data/MonoBleedingEdge/etc'
Using monoOptions --debugger-agent=transport=dt_socket,embedding=1,server=y,suspend=n,address=127.0.0.1:56304
Begin MonoManager ReloadAssembly
Registering precompiled unity dll's ...
Register platform support module: D:/Program Files/2020.3.17f1/Editor/Data/PlaybackEngines/WindowsStandaloneSupport/UnityEditor.WindowsStandalone.Extensions.dll
Registered in 0.001214 seconds.
Native extension for WindowsStandalone target not found
Refreshing native plugins compatible for Editor in 57.56 ms, found 2 plugins.
Preloading 0 native plugins for Editor in 0.00 ms.
Mono: successfully reloaded assembly
- Completed reload, in 13.722 seconds
Domain Reload Profiling:
	ReloadAssembly (13722ms)
		BeginReloadAssembly (68ms)
			ExecutionOrderSort (0ms)
			DisableScriptedObjects (0ms)
			BackupInstance (0ms)
			ReleaseScriptingObjects (0ms)
			CreateAndSetChildDomain (1ms)
		EndReloadAssembly (469ms)
			LoadAssemblies (68ms)
			RebuildTransferFunctionScriptingTraits (0ms)
			SetupTypeCache (164ms)
			ReleaseScriptCaches (0ms)
			RebuildScriptCaches (28ms)
			SetupLoadedEditorAssemblies (205ms)
				LogAssemblyErrors (0ms)
				InitializePlatformSupportModulesInManaged (5ms)
				SetLoadedEditorAssemblies (0ms)
				RefreshPlugins (58ms)
				BeforeProcessingInitializeOnLoad (37ms)
				ProcessInitializeOnLoadAttributes (78ms)
				ProcessInitializeOnLoadMethodAttributes (27ms)
				AfterProcessingInitializeOnLoad (0ms)
				EditorAssembliesLoaded (0ms)
			ExecutionOrderSort2 (0ms)
			AwakeInstancesAfterBackupRestoration (0ms)
Platform modules already initialized, skipping
Registering precompiled user dll's ...
Registered in 0.005099 seconds.
Begin MonoManager ReloadAssembly
Native extension for WindowsStandalone target not found
Refreshing native plugins compatible for Editor in 0.52 ms, found 2 plugins.
Preloading 0 native plugins for Editor in 0.00 ms.
Mono: successfully reloaded assembly
- Completed reload, in  1.216 seconds
Domain Reload Profiling:
	ReloadAssembly (1217ms)
		BeginReloadAssembly (163ms)
			ExecutionOrderSort (0ms)
			DisableScriptedObjects (5ms)
			BackupInstance (0ms)
			ReleaseScriptingObjects (0ms)
			CreateAndSetChildDomain (19ms)
		EndReloadAssembly (992ms)
			LoadAssemblies (110ms)
			RebuildTransferFunctionScriptingTraits (0ms)
			SetupTypeCache (304ms)
			ReleaseScriptCaches (0ms)
			RebuildScriptCaches (55ms)
			SetupLoadedEditorAssemblies (440ms)
				LogAssemblyErrors (0ms)
				InitializePlatformSupportModulesInManaged (5ms)
				SetLoadedEditorAssemblies (0ms)
				RefreshPlugins (1ms)
				BeforeProcessingInitializeOnLoad (96ms)
				ProcessInitializeOnLoadAttributes (330ms)
				ProcessInitializeOnLoadMethodAttributes (6ms)
				AfterProcessingInitializeOnLoad (2ms)
				EditorAssembliesLoaded (0ms)
			ExecutionOrderSort2 (0ms)
			AwakeInstancesAfterBackupRestoration (6ms)
Platform modules already initialized, skipping
========================================================================
Worker process is ready to serve import requests
Launched and connected shader compiler UnityShaderCompiler.exe after 0.30 seconds
Refreshing native plugins compatible for Editor in 0.50 ms, found 2 plugins.
Preloading 0 native plugins for Editor in 0.00 ms.
Unloading 2016 Unused Serialized files (Serialized files now loaded: 0)
System memory in use before: 90.7 MB.
System memory in use after: 90.8 MB.

Unloading 20 unused Assets to reduce memory usage. Loaded Objects now: 2450.
Total: 3.036100 ms (FindLiveObjects: 0.183400 ms CreateObjectMapping: 0.069400 ms MarkObjects: 2.708800 ms  DeleteObjects: 0.073500 ms)

AssetImportParameters requested are different than current active one (requested -> active):
  custom:framework-win-MediaFoundation: 216162199b28c13a410421893ffa2e32 -> 
  custom:video-decoder-ogg-theora: a1e56fd34408186e4bbccfd4996cb3dc -> 
  custom:container-muxer-webm: aa71ff27fc2769a1b78a27578f13a17b -> 
  custom:container-demuxer-webm: 4f35f7cbe854078d1ac9338744f61a02 -> 
  custom:container-demuxer-ogg: 62fdf1f143b41e24485cea50d1cbac27 -> 
  custom:video-encoder-webm-vp8: eb34c28f22e8b96e1ab97ce403110664 -> 
  custom:video-codec-MediaFoundation-h265: 746d11721c4dcdbdad8f713fa42b33f4 -> 
  custom:video-decoder-webm-vp8: 9c59270c3fd7afecdb556c50c9e8de78 -> 
  custom:audio-decoder-ogg-vorbis: bf7c407c2cedff20999df2af8eb42d56 -> 
  custom:audio-encoder-webm-vorbis: bf7c407c2cedff20999df2af8eb42d56 -> 
========================================================================
Received Import Request.
  path: Assets/LEGO/Models
  artifactKey: Guid(b5e50b502fb38794096c20c8acc37d60) Importer(815301076,1909f56bfc062723c751e8b465ee728b)
Start importing Assets/LEGO/Models using Guid(b5e50b502fb38794096c20c8acc37d60) Importer(815301076,1909f56bfc062723c751e8b465ee728b)  -> (artifact id: '6e09e122c77b981cce39e7d0ab5bb2b3') in 0.088564 seconds 
  Import took 0.091480 seconds .

========================================================================
Received Import Request.
  Time since last request: 0.039836 seconds.
  path: Assets/LEGO Data/NormalMaps
  artifactKey: Guid(b14a857c5493c47ba9fbdd4c22b858c0) Importer(815301076,1909f56bfc062723c751e8b465ee728b)
Start importing Assets/LEGO Data/NormalMaps using Guid(b14a857c5493c47ba9fbdd4c22b858c0) Importer(815301076,1909f56bfc062723c751e8b465ee728b)  -> (artifact id: 'c974b807060bce9b5fb040fa76cd7d00') in 0.008093 seconds 
  Import took 0.011975 seconds .

========================================================================
Received Import Request.
  Time since last request: 0.000193 seconds.
  path: Assets/LEGO/Tutorials
  artifactKey: Guid(a99f029240d59414dba68f00f18082df) Importer(815301076,1909f56bfc062723c751e8b465ee728b)
Start importing Assets/LEGO/Tutorials using Guid(a99f029240d59414dba68f00f18082df) Importer(815301076,1909f56bfc062723c751e8b465ee728b)  -> (artifact id: '67ef557eda3e1ed782ebc87d6f7eb46b') in 0.006707 seconds 
  Import took 0.009740 seconds .

========================================================================
Received Import Request.
  Time since last request: 1.733715 seconds.
  path: Assets/LEGO/Models/Rock 3.fbx
  artifactKey: Guid(fb01d3c33168979499e56ab08875e85a) Importer(815301076,1909f56bfc062723c751e8b465ee728b)
Start importing Assets/LEGO/Models/Rock 3.fbx using Guid(fb01d3c33168979499e56ab08875e85a) Importer(815301076,1909f56bfc062723c751e8b465ee728b)  -> (artifact id: 'd0148bc158c2429e88d02514d7001afe') in 2.113480 seconds 
  Import took 2.116853 seconds .

========================================================================
Received Import Request.
  Time since last request: 0.167120 seconds.
  path: Assets/LEGO/Models/Rock 3.fbx
  artifactKey: Guid(fb01d3c33168979499e56ab08875e85a) Importer(815301076,1909f56bfc062723c751e8b465ee728b)
Start importing Assets/LEGO/Models/Rock 3.fbx using Guid(fb01d3c33168979499e56ab08875e85a) Importer(815301076,1909f56bfc062723c751e8b465ee728b)  -> (artifact id: 'd0148bc158c2429e88d02514d7001afe') in 0.017895 seconds 
  Import took 0.021267 seconds .

========================================================================
Received Import Request.
  Time since last request: 11.691091 seconds.
  path: Assets/LEGO/Prefabs/LEGO Models/Plants/Bamboo.prefab
  artifactKey: Guid(867b8f528b39f4a138438678aee738a7) Importer(815301076,1909f56bfc062723c751e8b465ee728b)
Start importing Assets/LEGO/Prefabs/LEGO Models/Plants/Bamboo.prefab using Guid(867b8f528b39f4a138438678aee738a7) Importer(815301076,1909f56bfc062723c751e8b465ee728b)  -> (artifact id: '58fb9b1f8237e8c7303627acaed5deff') in 0.639331 seconds 
  Import took 0.643464 seconds .

